{"name":"ss.com search test","status":"broken","statusDetails":{"known":false,"muted":false,"flaky":false,"message":"testUI.Utils.TestUIException: The element 'By.xpath: //android.view.View[contains(@text,'Volvo')]' ' is not clickable after 5217 ms!","trace":"java.lang.Error: testUI.Utils.TestUIException: The element 'By.xpath: //android.view.View[contains(@text,'Volvo')]' ' is not clickable after 5217 ms!\n\tat testUI.elements.Element.click(Element.java:241)\n\tat pages.Application.carModelChoise(Application.java:42)\n\tat stepDefinitions.MyStepdefs.clientChoosesCarModel(MyStepdefs.java:30)\n\tat ✽.client chooses car model(file:Search.feature:7)\nCaused by: testUI.Utils.TestUIException: The element 'By.xpath: //android.view.View[contains(@text,'Volvo')]' ' is not clickable after 5217 ms!\n\tat testUI.Utils.WaitUntil.assertFunction(WaitUntil.java:63)\n\tat testUI.Utils.WaitUntil.waitUntilClickable(WaitUntil.java:145)\n\tat testUI.elements.Element.click(Element.java:218)\n\tat pages.Application.carModelChoise(Application.java:42)\n\tat stepDefinitions.MyStepdefs.clientChoosesCarModel(MyStepdefs.java:30)\n\tat sun.reflect.NativeMethodAccessorImpl.invoke0(Native Method)\n\tat sun.reflect.NativeMethodAccessorImpl.invoke(NativeMethodAccessorImpl.java:62)\n\tat sun.reflect.DelegatingMethodAccessorImpl.invoke(DelegatingMethodAccessorImpl.java:43)\n\tat java.lang.reflect.Method.invoke(Method.java:498)\n\tat cucumber.runtime.Utils$1.call(Utils.java:26)\n\tat cucumber.runtime.Timeout.timeout(Timeout.java:16)\n\tat cucumber.runtime.Utils.invoke(Utils.java:20)\n\tat cucumber.runtime.java.JavaStepDefinition.execute(JavaStepDefinition.java:57)\n\tat cucumber.runner.PickleStepDefinitionMatch.runStep(PickleStepDefinitionMatch.java:50)\n\tat cucumber.runner.TestStep.executeStep(TestStep.java:65)\n\tat cucumber.runner.TestStep.run(TestStep.java:50)\n\tat cucumber.runner.PickleStepTestStep.run(PickleStepTestStep.java:43)\n\tat cucumber.runner.TestCase.run(TestCase.java:46)\n\tat cucumber.runner.Runner.runPickle(Runner.java:50)\n\tat io.cucumber.junit.PickleRunners$NoStepDescriptions.run(PickleRunners.java:146)\n\tat io.cucumber.junit.FeatureRunner.runChild(FeatureRunner.java:68)\n\tat io.cucumber.junit.FeatureRunner.runChild(FeatureRunner.java:23)\n\tat org.junit.runners.ParentRunner$3.run(ParentRunner.java:290)\n\tat org.junit.runners.ParentRunner$1.schedule(ParentRunner.java:71)\n\tat org.junit.runners.ParentRunner.runChildren(ParentRunner.java:288)\n\tat org.junit.runners.ParentRunner.access$000(ParentRunner.java:58)\n\tat org.junit.runners.ParentRunner$2.evaluate(ParentRunner.java:268)\n\tat org.junit.runners.ParentRunner.run(ParentRunner.java:363)\n\tat io.cucumber.junit.Cucumber.runChild(Cucumber.java:144)\n\tat io.cucumber.junit.Cucumber.runChild(Cucumber.java:65)\n\tat org.junit.runners.ParentRunner$3.run(ParentRunner.java:290)\n\tat org.junit.runners.ParentRunner$1.schedule(ParentRunner.java:71)\n\tat org.junit.runners.ParentRunner.runChildren(ParentRunner.java:288)\n\tat org.junit.runners.ParentRunner.access$000(ParentRunner.java:58)\n\tat org.junit.runners.ParentRunner$2.evaluate(ParentRunner.java:268)\n\tat io.cucumber.junit.Cucumber$RunCucumber.evaluate(Cucumber.java:174)\n\tat org.junit.runners.ParentRunner.run(ParentRunner.java:363)\n\tat org.junit.runner.JUnitCore.run(JUnitCore.java:137)\n\tat com.intellij.junit4.JUnit4IdeaTestRunner.startRunnerWithArgs(JUnit4IdeaTestRunner.java:68)\n\tat com.intellij.rt.junit.IdeaTestRunner$Repeater.startRunnerWithArgs(IdeaTestRunner.java:33)\n\tat com.intellij.rt.junit.JUnitStarter.prepareStreamsAndStart(JUnitStarter.java:230)\n\tat com.intellij.rt.junit.JUnitStarter.main(JUnitStarter.java:58)\n"},"stage":"finished","steps":[{"name":"Given  client opens ss.com application","status":"passed","statusDetails":{"known":false,"muted":false,"flaky":false},"stage":"finished","steps":[],"attachments":[],"parameters":[],"start":1586981210435,"stop":1586981212512},{"name":"When  client chooses car model","status":"broken","statusDetails":{"known":false,"muted":false,"flaky":false,"message":"testUI.Utils.TestUIException: The element 'By.xpath: //android.view.View[contains(@text,'Volvo')]' ' is not clickable after 5217 ms!","trace":"java.lang.Error: testUI.Utils.TestUIException: The element 'By.xpath: //android.view.View[contains(@text,'Volvo')]' ' is not clickable after 5217 ms!\n\tat testUI.elements.Element.click(Element.java:241)\n\tat pages.Application.carModelChoise(Application.java:42)\n\tat stepDefinitions.MyStepdefs.clientChoosesCarModel(MyStepdefs.java:30)\n\tat ✽.client chooses car model(file:Search.feature:7)\nCaused by: testUI.Utils.TestUIException: The element 'By.xpath: //android.view.View[contains(@text,'Volvo')]' ' is not clickable after 5217 ms!\n\tat testUI.Utils.WaitUntil.assertFunction(WaitUntil.java:63)\n\tat testUI.Utils.WaitUntil.waitUntilClickable(WaitUntil.java:145)\n\tat testUI.elements.Element.click(Element.java:218)\n\tat pages.Application.carModelChoise(Application.java:42)\n\tat stepDefinitions.MyStepdefs.clientChoosesCarModel(MyStepdefs.java:30)\n\tat sun.reflect.NativeMethodAccessorImpl.invoke0(Native Method)\n\tat sun.reflect.NativeMethodAccessorImpl.invoke(NativeMethodAccessorImpl.java:62)\n\tat sun.reflect.DelegatingMethodAccessorImpl.invoke(DelegatingMethodAccessorImpl.java:43)\n\tat java.lang.reflect.Method.invoke(Method.java:498)\n\tat cucumber.runtime.Utils$1.call(Utils.java:26)\n\tat cucumber.runtime.Timeout.timeout(Timeout.java:16)\n\tat cucumber.runtime.Utils.invoke(Utils.java:20)\n\tat cucumber.runtime.java.JavaStepDefinition.execute(JavaStepDefinition.java:57)\n\tat cucumber.runner.PickleStepDefinitionMatch.runStep(PickleStepDefinitionMatch.java:50)\n\tat cucumber.runner.TestStep.executeStep(TestStep.java:65)\n\tat cucumber.runner.TestStep.run(TestStep.java:50)\n\tat cucumber.runner.PickleStepTestStep.run(PickleStepTestStep.java:43)\n\tat cucumber.runner.TestCase.run(TestCase.java:46)\n\tat cucumber.runner.Runner.runPickle(Runner.java:50)\n\tat io.cucumber.junit.PickleRunners$NoStepDescriptions.run(PickleRunners.java:146)\n\tat io.cucumber.junit.FeatureRunner.runChild(FeatureRunner.java:68)\n\tat io.cucumber.junit.FeatureRunner.runChild(FeatureRunner.java:23)\n\tat org.junit.runners.ParentRunner$3.run(ParentRunner.java:290)\n\tat org.junit.runners.ParentRunner$1.schedule(ParentRunner.java:71)\n\tat org.junit.runners.ParentRunner.runChildren(ParentRunner.java:288)\n\tat org.junit.runners.ParentRunner.access$000(ParentRunner.java:58)\n\tat org.junit.runners.ParentRunner$2.evaluate(ParentRunner.java:268)\n\tat org.junit.runners.ParentRunner.run(ParentRunner.java:363)\n\tat io.cucumber.junit.Cucumber.runChild(Cucumber.java:144)\n\tat io.cucumber.junit.Cucumber.runChild(Cucumber.java:65)\n\tat org.junit.runners.ParentRunner$3.run(ParentRunner.java:290)\n\tat org.junit.runners.ParentRunner$1.schedule(ParentRunner.java:71)\n\tat org.junit.runners.ParentRunner.runChildren(ParentRunner.java:288)\n\tat org.junit.runners.ParentRunner.access$000(ParentRunner.java:58)\n\tat org.junit.runners.ParentRunner$2.evaluate(ParentRunner.java:268)\n\tat io.cucumber.junit.Cucumber$RunCucumber.evaluate(Cucumber.java:174)\n\tat org.junit.runners.ParentRunner.run(ParentRunner.java:363)\n\tat org.junit.runner.JUnitCore.run(JUnitCore.java:137)\n\tat com.intellij.junit4.JUnit4IdeaTestRunner.startRunnerWithArgs(JUnit4IdeaTestRunner.java:68)\n\tat com.intellij.rt.junit.IdeaTestRunner$Repeater.startRunnerWithArgs(IdeaTestRunner.java:33)\n\tat com.intellij.rt.junit.JUnitStarter.prepareStreamsAndStart(JUnitStarter.java:230)\n\tat com.intellij.rt.junit.JUnitStarter.main(JUnitStarter.java:58)\n"},"stage":"finished","steps":[],"attachments":[],"parameters":[],"start":1586981212513,"stop":1586981226511},{"name":"And  client sets app car filter","status":"skipped","statusDetails":{"known":false,"muted":false,"flaky":false},"stage":"finished","steps":[],"attachments":[],"parameters":[],"start":1586981226511,"stop":1586981226512},{"name":"Then  client sees search results","status":"skipped","statusDetails":{"known":false,"muted":false,"flaky":false},"stage":"finished","steps":[],"attachments":[],"parameters":[],"start":1586981226512,"stop":1586981226513}],"attachments":[],"parameters":[],"start":1586981173368,"stop":1586981228597,"uuid":"56eb83c2-7c1e-4048-9214-ce70de152da7","historyId":"e53b67d58830f18dac5bc01b8c3dcc7b","fullName":"Testing product searching: ss.com search test","labels":[{"name":"tag","value":"AndroidTest"},{"name":"tag","value":"testApp"},{"name":"host","value":"Kirils-MacBook-Pro.local"},{"name":"thread","value":"35050@Kirils-MacBook-Pro.local.main(1)"},{"name":"feature","value":"Testing product searching"},{"name":"story","value":"ss.com search test"},{"name":"suite","value":"Testing product searching"},{"name":"testClass","value":"ss.com search test"},{"name":"framework","value":"cucumber4jvm"},{"name":"language","value":"java"},{"name":"gherkin_uri","value":"file:Search.feature"},{"name":"package","value":"Search_feature.Testing product searching"}],"links":[]}