{"name":"ss.com failed car search test","status":"broken","statusDetails":{"known":false,"muted":false,"flaky":false,"message":"The element 'By.xpath: //android.view.View[2]/android.view.View[2]' has not containText 'Sludinājumi dotajā kategorijā nav atrasti' after 5425 ms!","trace":"testUI.Utils.TestUIException: The element 'By.xpath: //android.view.View[2]/android.view.View[2]' has not containText 'Sludinājumi dotajā kategorijā nav atrasti' after 5425 ms!\n\tat testUI.Utils.WaitUntil.assertFunction(WaitUntil.java:63)\n\tat testUI.Utils.WaitUntil.waitUntilContainsText(WaitUntil.java:293)\n\tat testUI.elements.ShouldBe.containText(ShouldBe.java:154)\n\tat pages.Application.emptyBoardValidation(Application.java:82)\n\tat stepDefinitions.AppStepDefs.emptyBoard(AppStepDefs.java:48)\n\tat ✽.client sees board with no results(file:Search.feature:17)\n"},"stage":"finished","steps":[{"name":"Given  client opens ss.com application","status":"passed","statusDetails":{"known":false,"muted":false,"flaky":false},"stage":"finished","steps":[],"attachments":[],"parameters":[],"start":1587052167499,"stop":1587052169504},{"name":"When  client chooses car model","status":"passed","statusDetails":{"known":false,"muted":false,"flaky":false},"stage":"finished","steps":[],"attachments":[],"parameters":[],"start":1587052169504,"stop":1587052189748},{"name":"And  client sets up car filter with minimal price","status":"passed","statusDetails":{"known":false,"muted":false,"flaky":false},"stage":"finished","steps":[],"attachments":[],"parameters":[],"start":1587052189749,"stop":1587052191713},{"name":"Then  client sees board with no results","status":"broken","statusDetails":{"known":false,"muted":false,"flaky":false,"message":"The element 'By.xpath: //android.view.View[2]/android.view.View[2]' has not containText 'Sludinājumi dotajā kategorijā nav atrasti' after 5425 ms!","trace":"testUI.Utils.TestUIException: The element 'By.xpath: //android.view.View[2]/android.view.View[2]' has not containText 'Sludinājumi dotajā kategorijā nav atrasti' after 5425 ms!\n\tat testUI.Utils.WaitUntil.assertFunction(WaitUntil.java:63)\n\tat testUI.Utils.WaitUntil.waitUntilContainsText(WaitUntil.java:293)\n\tat testUI.elements.ShouldBe.containText(ShouldBe.java:154)\n\tat pages.Application.emptyBoardValidation(Application.java:82)\n\tat stepDefinitions.AppStepDefs.emptyBoard(AppStepDefs.java:48)\n\tat ✽.client sees board with no results(file:Search.feature:17)\n"},"stage":"finished","steps":[],"attachments":[],"parameters":[],"start":1587052191713,"stop":1587052200663}],"attachments":[],"parameters":[],"start":1587052155462,"stop":1587052201244,"uuid":"d27607ca-3ee2-4e18-9fe3-c0d7b814d9d0","historyId":"2bc16f599fcb4e653a51f11ad6b73c7d","fullName":"Testing product searching: ss.com failed car search test","labels":[{"name":"tag","value":"AndroidTest"},{"name":"tag","value":"testApp"},{"name":"host","value":"Kirils-MacBook-Pro.local"},{"name":"thread","value":"37652@Kirils-MacBook-Pro.local.main(1)"},{"name":"feature","value":"Testing product searching"},{"name":"story","value":"ss.com failed car search test"},{"name":"suite","value":"Testing product searching"},{"name":"testClass","value":"ss.com failed car search test"},{"name":"framework","value":"cucumber4jvm"},{"name":"language","value":"java"},{"name":"gherkin_uri","value":"file:Search.feature"},{"name":"package","value":"Search_feature.Testing product searching"}],"links":[]}